#
# A fatal error has been detected by the Java Runtime Environment:
#
#  Internal Error (javaClasses.cpp:129), pid=4066, tid=140426781189888
#  fatal error: Invalid layout of preloaded class
#
# JRE version: 6.0_30-b30
# Java VM: OpenJDK 64-Bit Server VM (23.25-b01 mixed mode linux-amd64 compressed oops)
# Failed to write core dump. Core dumps have been disabled. To enable core dumping, try "ulimit -c unlimited" before starting Java again
#
# If you would like to submit a bug report, please include
# instructions how to reproduce the bug and visit:
#   https://bugs.launchpad.net/ubuntu/+source/openjdk-6/
#

---------------  T H R E A D  ---------------

Current thread (0x00007fb7a0009800):  JavaThread "Unknown thread" [_thread_in_vm, id=4072, stack(0x00007fb7a858e000,0x00007fb7a868f000)]

Stack: [0x00007fb7a858e000,0x00007fb7a868f000],  sp=0x00007fb7a868d940,  free space=1022k
Native frames: (J=compiled Java code, j=interpreted, Vv=VM code, C=native code)
V  [libjvm.so+0x83c569]  VMError::report_and_die()+0x169
V  [libjvm.so+0x3e63a3]  report_fatal(char const*, int, char const*)+0x53
V  [libjvm.so+0x51bd63]  compute_offset(int&, klassOopDesc*, Symbol*, Symbol*, bool)+0x123
V  [libjvm.so+0x51bff1]  java_lang_String::compute_offsets()+0x41
V  [libjvm.so+0x7cb74d]  SystemDictionary::initialize_preloaded_classes(Thread*)+0x3d
V  [libjvm.so+0x818a13]  Universe::genesis(Thread*)+0x443
V  [libjvm.so+0x818ec2]  universe2_init()+0x32
V  [libjvm.so+0x4cfd2a]  init_globals()+0x9a
V  [libjvm.so+0x7fed5c]  Threads::create_vm(JavaVMInitArgs*, bool*)+0x39c
V  [libjvm.so+0x53961a]  JNI_CreateJavaVM+0x5a
C  [java+0x355e]  JavaMain+0x7e


---------------  P R O C E S S  ---------------

Java Threads: ( => current thread )

Other Threads:

=>0x00007fb7a0009800 (exited) JavaThread "Unknown thread" [_thread_in_vm, id=4072, stack(0x00007fb7a858e000,0x00007fb7a868f000)]

VM state:not at safepoint (not fully initialized)

VM Mutex/Monitor currently owned by a thread: None

GC Heap History (0 events):
No events

Deoptimization events (0 events):
No events

Internal exceptions (0 events):
No events

Events (10 events):
Event: 0.009 loading class 0x00007fb7a0032ea0 done
Event: 0.009 loading class 0x00007fb7a0032740 done
Event: 0.009 loading class 0x00007fb7a0032710
Event: 0.010 loading class 0x00007fb7a00778a0
Event: 0.010 loading class 0x00007fb7a00778a0 done
Event: 0.010 loading class 0x00007fb7a00778e0
Event: 0.010 loading class 0x00007fb7a00778e0 done
Event: 0.010 loading class 0x00007fb7a0077920
Event: 0.010 loading class 0x00007fb7a0077920 done
Event: 0.010 loading class 0x00007fb7a0032710 done


Dynamic libraries:
00400000-00409000 r-xp 00000000 08:01 2357589                            /usr/lib/jvm/java-6-openjdk-amd64/jre/bin/java
00608000-00609000 r--p 00008000 08:01 2357589                            /usr/lib/jvm/java-6-openjdk-amd64/jre/bin/java
00609000-0060a000 rw-p 00009000 08:01 2357589                            /usr/lib/jvm/java-6-openjdk-amd64/jre/bin/java
023d7000-023f8000 rw-p 00000000 00:00 0                                  [heap]
779800000-77acc0000 rw-p 00000000 00:00 0 
77acc0000-783e00000 rw-p 00000000 00:00 0 
783e00000-7890c0000 rw-p 00000000 00:00 0 
7890c0000-7d6a00000 rw-p 00000000 00:00 0 
7d6a00000-7d9360000 rw-p 00000000 00:00 0 
7d9360000-800000000 rw-p 00000000 00:00 0 
7fb75bcc0000-7fb760000000 rw-p 00000000 00:00 0 
7fb760000000-7fb760021000 rw-p 00000000 00:00 0 
7fb760021000-7fb764000000 ---p 00000000 00:00 0 
7fb768000000-7fb768021000 rw-p 00000000 00:00 0 
7fb768021000-7fb76c000000 ---p 00000000 00:00 0 
7fb770000000-7fb770021000 rw-p 00000000 00:00 0 
7fb770021000-7fb774000000 ---p 00000000 00:00 0 
7fb778000000-7fb778021000 rw-p 00000000 00:00 0 
7fb778021000-7fb77c000000 ---p 00000000 00:00 0 
7fb780000000-7fb780021000 rw-p 00000000 00:00 0 
7fb780021000-7fb784000000 ---p 00000000 00:00 0 
7fb788000000-7fb788021000 rw-p 00000000 00:00 0 
7fb788021000-7fb78c000000 ---p 00000000 00:00 0 
7fb790000000-7fb790021000 rw-p 00000000 00:00 0 
7fb790021000-7fb794000000 ---p 00000000 00:00 0 
7fb796f30000-7fb798000000 rw-p 00000000 00:00 0 
7fb798000000-7fb798021000 rw-p 00000000 00:00 0 
7fb798021000-7fb79c000000 ---p 00000000 00:00 0 
7fb79d000000-7fb79d270000 rwxp 00000000 00:00 0 
7fb79d270000-7fb7a007d000 rw-p 00000000 00:00 0 
7fb7a007d000-7fb7a4000000 ---p 00000000 00:00 0 
7fb7a4180000-7fb7a437d000 rw-p 00000000 00:00 0 
7fb7a437d000-7fb7a443f000 r--s 010c7000 08:01 2902876                    /usr/local/stow/android-sdk_r22.0.5/share/android-sdk-linux/platforms/android-16/android.jar
7fb7a443f000-7fb7a4440000 ---p 00000000 00:00 0 
7fb7a4440000-7fb7a4540000 rw-p 00000000 00:00 0 
7fb7a4540000-7fb7a4541000 ---p 00000000 00:00 0 
7fb7a4541000-7fb7a4641000 rw-p 00000000 00:00 0 
7fb7a4641000-7fb7a4642000 ---p 00000000 00:00 0 
7fb7a4642000-7fb7a4742000 rw-p 00000000 00:00 0 
7fb7a4742000-7fb7a4743000 ---p 00000000 00:00 0 
7fb7a4743000-7fb7a4843000 rw-p 00000000 00:00 0 
7fb7a4843000-7fb7a4844000 ---p 00000000 00:00 0 
7fb7a4844000-7fb7a4944000 rw-p 00000000 00:00 0 
7fb7a4944000-7fb7a4945000 ---p 00000000 00:00 0 
7fb7a4945000-7fb7a4a45000 rw-p 00000000 00:00 0 
7fb7a4a45000-7fb7a4a46000 ---p 00000000 00:00 0 
7fb7a4a46000-7fb7a4b46000 rw-p 00000000 00:00 0 
7fb7a4b46000-7fb7a4b47000 ---p 00000000 00:00 0 
7fb7a4b47000-7fb7a4c52000 rw-p 00000000 00:00 0 
7fb7a4c52000-7fb7a4c9a000 rw-p 00000000 00:00 0 
7fb7a4c9a000-7fb7a4cc4000 rw-p 00000000 00:00 0 
7fb7a4cc4000-7fb7a4f30000 rw-p 00000000 00:00 0 
7fb7a4f30000-7fb7a4f3b000 rw-p 00000000 00:00 0 
7fb7a4f3b000-7fb7a4f83000 rw-p 00000000 00:00 0 
7fb7a4f83000-7fb7a4fad000 rw-p 00000000 00:00 0 
7fb7a4fad000-7fb7a5219000 rw-p 00000000 00:00 0 
7fb7a5219000-7fb7a522e000 rw-p 00000000 00:00 0 
7fb7a522e000-7fb7a5364000 rw-p 00000000 00:00 0 
7fb7a5364000-7fb7a5365000 rw-p 00000000 00:00 0 
7fb7a5365000-7fb7a536c000 r-xp 00000000 08:01 2487992                    /usr/lib/jvm/java-6-openjdk-amd64/jre/lib/amd64/libzip.so
7fb7a536c000-7fb7a556b000 ---p 00007000 08:01 2487992                    /usr/lib/jvm/java-6-openjdk-amd64/jre/lib/amd64/libzip.so
7fb7a556b000-7fb7a556c000 r--p 00006000 08:01 2487992                    /usr/lib/jvm/java-6-openjdk-amd64/jre/lib/amd64/libzip.so
7fb7a556c000-7fb7a556d000 rw-p 00007000 08:01 2487992                    /usr/lib/jvm/java-6-openjdk-amd64/jre/lib/amd64/libzip.so
7fb7a556d000-7fb7a5577000 r-xp 00000000 08:01 1856466                    /lib/x86_64-linux-gnu/libnss_nis-2.15.so
7fb7a5577000-7fb7a5777000 ---p 0000a000 08:01 1856466                    /lib/x86_64-linux-gnu/libnss_nis-2.15.so
7fb7a5777000-7fb7a5778000 r--p 0000a000 08:01 1856466                    /lib/x86_64-linux-gnu/libnss_nis-2.15.so
7fb7a5778000-7fb7a5779000 rw-p 0000b000 08:01 1856466                    /lib/x86_64-linux-gnu/libnss_nis-2.15.so
7fb7a5779000-7fb7a5790000 r-xp 00000000 08:01 1856478                    /lib/x86_64-linux-gnu/libnsl-2.15.so
7fb7a5790000-7fb7a598f000 ---p 00017000 08:01 1856478                    /lib/x86_64-linux-gnu/libnsl-2.15.so
7fb7a598f000-7fb7a5990000 r--p 00016000 08:01 1856478                    /lib/x86_64-linux-gnu/libnsl-2.15.so
7fb7a5990000-7fb7a5991000 rw-p 00017000 08:01 1856478                    /lib/x86_64-linux-gnu/libnsl-2.15.so
7fb7a5991000-7fb7a5993000 rw-p 00000000 00:00 0 
7fb7a5993000-7fb7a59a0000 r-xp 00000000 08:01 1856471                    /lib/x86_64-linux-gnu/libnss_nisplus-2.15.so
7fb7a59a0000-7fb7a5b9f000 ---p 0000d000 08:01 1856471                    /lib/x86_64-linux-gnu/libnss_nisplus-2.15.so
7fb7a5b9f000-7fb7a5ba0000 r--p 0000c000 08:01 1856471                    /lib/x86_64-linux-gnu/libnss_nisplus-2.15.so
7fb7a5ba0000-7fb7a5ba1000 rw-p 0000d000 08:01 1856471                    /lib/x86_64-linux-gnu/libnss_nisplus-2.15.so
7fb7a5ba1000-7fb7a5bad000 r-xp 00000000 08:01 1856462                    /lib/x86_64-linux-gnu/libnss_files-2.15.so
7fb7a5bad000-7fb7a5dac000 ---p 0000c000 08:01 1856462                    /lib/x86_64-linux-gnu/libnss_files-2.15.so
7fb7a5dac000-7fb7a5dad000 r--p 0000b000 08:01 1856462                    /lib/x86_64-linux-gnu/libnss_files-2.15.so
7fb7a5dad000-7fb7a5dae000 rw-p 0000c000 08:01 1856462                    /lib/x86_64-linux-gnu/libnss_files-2.15.so
7fb7a5dae000-7fb7a5ddb000 r-xp 00000000 08:01 2487989                    /usr/lib/jvm/java-6-openjdk-amd64/jre/lib/amd64/libjava.so
7fb7a5ddb000-7fb7a5fda000 ---p 0002d000 08:01 2487989                    /usr/lib/jvm/java-6-openjdk-amd64/jre/lib/amd64/libjava.so
7fb7a5fda000-7fb7a5fdb000 r--p 0002c000 08:01 2487989                    /usr/lib/jvm/java-6-openjdk-amd64/jre/lib/amd64/libjava.so
7fb7a5fdb000-7fb7a5fde000 rw-p 0002d000 08:01 2487989                    /usr/lib/jvm/java-6-openjdk-amd64/jre/lib/amd64/libjava.so
7fb7a5fde000-7fb7a5fec000 r-xp 00000000 08:01 2488020                    /usr/lib/jvm/java-6-openjdk-amd64/jre/lib/amd64/libverify.so
7fb7a5fec000-7fb7a61eb000 ---p 0000e000 08:01 2488020                    /usr/lib/jvm/java-6-openjdk-amd64/jre/lib/amd64/libverify.so
7fb7a61eb000-7fb7a61ed000 r--p 0000d000 08:01 2488020                    /usr/lib/jvm/java-6-openjdk-amd64/jre/lib/amd64/libverify.so
7fb7a61ed000-7fb7a61ee000 rw-p 0000f000 08:01 2488020                    /usr/lib/jvm/java-6-openjdk-amd64/jre/lib/amd64/libverify.so
7fb7a61ee000-7fb7a61f5000 r-xp 00000000 08:01 1856465                    /lib/x86_64-linux-gnu/librt-2.15.so
7fb7a61f5000-7fb7a63f4000 ---p 00007000 08:01 1856465                    /lib/x86_64-linux-gnu/librt-2.15.so
7fb7a63f4000-7fb7a63f5000 r--p 00006000 08:01 1856465                    /lib/x86_64-linux-gnu/librt-2.15.so
7fb7a63f5000-7fb7a63f6000 rw-p 00007000 08:01 1856465                    /lib/x86_64-linux-gnu/librt-2.15.so
7fb7a63f6000-7fb7a640b000 r-xp 00000000 08:01 1854095                    /lib/x86_64-linux-gnu/libgcc_s.so.1
7fb7a640b000-7fb7a660a000 ---p 00015000 08:01 1854095                    /lib/x86_64-linux-gnu/libgcc_s.so.1
7fb7a660a000-7fb7a660b000 r--p 00014000 08:01 1854095                    /lib/x86_64-linux-gnu/libgcc_s.so.1
7fb7a660b000-7fb7a660c000 rw-p 00015000 08:01 1854095                    /lib/x86_64-linux-gnu/libgcc_s.so.1
7fb7a660c000-7fb7a6707000 r-xp 00000000 08:01 1856469                    /lib/x86_64-linux-gnu/libm-2.15.so
7fb7a6707000-7fb7a6906000 ---p 000fb000 08:01 1856469                    /lib/x86_64-linux-gnu/libm-2.15.so
7fb7a6906000-7fb7a6907000 r--p 000fa000 08:01 1856469                    /lib/x86_64-linux-gnu/libm-2.15.so
7fb7a6907000-7fb7a6908000 rw-p 000fb000 08:01 1856469                    /lib/x86_64-linux-gnu/libm-2.15.so
7fb7a6908000-7fb7a69ea000 r-xp 00000000 08:01 180337                     /usr/lib/x86_64-linux-gnu/libstdc++.so.6.0.16
7fb7a69ea000-7fb7a6be9000 ---p 000e2000 08:01 180337                     /usr/lib/x86_64-linux-gnu/libstdc++.so.6.0.16
7fb7a6be9000-7fb7a6bf1000 r--p 000e1000 08:01 180337                     /usr/lib/x86_64-linux-gnu/libstdc++.so.6.0.16
7fb7a6bf1000-7fb7a6bf3000 rw-p 000e9000 08:01 180337                     /usr/lib/x86_64-linux-gnu/libstdc++.so.6.0.16
7fb7a6bf3000-7fb7a6c08000 rw-p 00000000 00:00 0 
7fb7a6c08000-7fb7a75dd000 r-xp 00000000 08:01 2488001                    /usr/lib/jvm/java-6-openjdk-amd64/jre/lib/amd64/server/libjvm.so
7fb7a75dd000-7fb7a77dd000 ---p 009d5000 08:01 2488001                    /usr/lib/jvm/java-6-openjdk-amd64/jre/lib/amd64/server/libjvm.so
7fb7a77dd000-7fb7a785c000 r--p 009d5000 08:01 2488001                    /usr/lib/jvm/java-6-openjdk-amd64/jre/lib/amd64/server/libjvm.so
7fb7a785c000-7fb7a787f000 rw-p 00a54000 08:01 2488001                    /usr/lib/jvm/java-6-openjdk-amd64/jre/lib/amd64/server/libjvm.so
7fb7a787f000-7fb7a78a9000 rw-p 00000000 00:00 0 
7fb7a78a9000-7fb7a78bf000 r-xp 00000000 08:01 1854034                    /lib/x86_64-linux-gnu/libz.so.1.2.3.4
7fb7a78bf000-7fb7a7abe000 ---p 00016000 08:01 1854034                    /lib/x86_64-linux-gnu/libz.so.1.2.3.4
7fb7a7abe000-7fb7a7abf000 r--p 00015000 08:01 1854034                    /lib/x86_64-linux-gnu/libz.so.1.2.3.4
7fb7a7abf000-7fb7a7ac0000 rw-p 00016000 08:01 1854034                    /lib/x86_64-linux-gnu/libz.so.1.2.3.4
7fb7a7ac0000-7fb7a7c75000 r-xp 00000000 08:01 1854022                    /lib/x86_64-linux-gnu/libc-2.15.so
7fb7a7c75000-7fb7a7e75000 ---p 001b5000 08:01 1854022                    /lib/x86_64-linux-gnu/libc-2.15.so
7fb7a7e75000-7fb7a7e79000 r--p 001b5000 08:01 1854022                    /lib/x86_64-linux-gnu/libc-2.15.so
7fb7a7e79000-7fb7a7e7b000 rw-p 001b9000 08:01 1854022                    /lib/x86_64-linux-gnu/libc-2.15.so
7fb7a7e7b000-7fb7a7e80000 rw-p 00000000 00:00 0 
7fb7a7e80000-7fb7a7e82000 r-xp 00000000 08:01 1856473                    /lib/x86_64-linux-gnu/libdl-2.15.so
7fb7a7e82000-7fb7a8082000 ---p 00002000 08:01 1856473                    /lib/x86_64-linux-gnu/libdl-2.15.so
7fb7a8082000-7fb7a8083000 r--p 00002000 08:01 1856473                    /lib/x86_64-linux-gnu/libdl-2.15.so
7fb7a8083000-7fb7a8084000 rw-p 00003000 08:01 1856473                    /lib/x86_64-linux-gnu/libdl-2.15.so
7fb7a8084000-7fb7a8088000 r-xp 00000000 08:01 2488012                    /usr/lib/jvm/java-6-openjdk-amd64/jre/lib/amd64/jli/libjli.so
7fb7a8088000-7fb7a8287000 ---p 00004000 08:01 2488012                    /usr/lib/jvm/java-6-openjdk-amd64/jre/lib/amd64/jli/libjli.so
7fb7a8287000-7fb7a8288000 r--p 00003000 08:01 2488012                    /usr/lib/jvm/java-6-openjdk-amd64/jre/lib/amd64/jli/libjli.so
7fb7a8288000-7fb7a8289000 rw-p 00004000 08:01 2488012                    /usr/lib/jvm/java-6-openjdk-amd64/jre/lib/amd64/jli/libjli.so
7fb7a8289000-7fb7a82a1000 r-xp 00000000 08:01 1856467                    /lib/x86_64-linux-gnu/libpthread-2.15.so
7fb7a82a1000-7fb7a84a0000 ---p 00018000 08:01 1856467                    /lib/x86_64-linux-gnu/libpthread-2.15.so
7fb7a84a0000-7fb7a84a1000 r--p 00017000 08:01 1856467                    /lib/x86_64-linux-gnu/libpthread-2.15.so
7fb7a84a1000-7fb7a84a2000 rw-p 00018000 08:01 1856467                    /lib/x86_64-linux-gnu/libpthread-2.15.so
7fb7a84a2000-7fb7a84a6000 rw-p 00000000 00:00 0 
7fb7a84a6000-7fb7a84c8000 r-xp 00000000 08:01 1856470                    /lib/x86_64-linux-gnu/ld-2.15.so
7fb7a84cd000-7fb7a84d8000 rw-p 00000000 00:00 0 
7fb7a84d8000-7fb7a858e000 rw-p 00000000 00:00 0 
7fb7a858e000-7fb7a8591000 ---p 00000000 00:00 0 
7fb7a8591000-7fb7a86bc000 rw-p 00000000 00:00 0 
7fb7a86bc000-7fb7a86c4000 rw-s 00000000 08:06 128056                     /tmp/hsperfdata_bpoulett/4066
7fb7a86c4000-7fb7a86c5000 rw-p 00000000 00:00 0 
7fb7a86c5000-7fb7a86c6000 r--p 00000000 00:00 0 
7fb7a86c6000-7fb7a86c8000 rw-p 00000000 00:00 0 
7fb7a86c8000-7fb7a86c9000 r--p 00022000 08:01 1856470                    /lib/x86_64-linux-gnu/ld-2.15.so
7fb7a86c9000-7fb7a86cb000 rw-p 00023000 08:01 1856470                    /lib/x86_64-linux-gnu/ld-2.15.so
7fff7eb9a000-7fff7ebbb000 rw-p 00000000 00:00 0                          [stack]
7fff7ebff000-7fff7ec00000 r-xp 00000000 00:00 0                          [vdso]
ffffffffff600000-ffffffffff601000 r-xp 00000000 00:00 0                  [vsyscall]

VM Arguments:
jvm_args: -Dfile.encoding=UTF-8 -Xbootclasspath:/usr/local/share/android-sdk-linux/platforms/android-16/android.jar 
java_command: org.eclipse.jdt.internal.junit.runner.RemoteTestRunner -version 3 -port 41722 -testLoaderClass org.eclipse.jdt.internal.junit.runner.junit3.JUnit3TestLoader -loaderpluginname org.eclipse.jdt.junit.runtime -testNameFile /tmp/testNames1846715224621312829.txt
Launcher Type: SUN_STANDARD

Environment Variables:
PATH=/usr/local/matlab/bin:/usr/local/sbin:/usr/local/bin:/usr/sbin:/usr/bin:/sbin:/bin:/usr/games
LD_LIBRARY_PATH=/usr/lib/jvm/java-6-openjdk-amd64/jre/lib/amd64/server:/usr/lib/jvm/java-6-openjdk-amd64/jre/lib/amd64:/usr/lib/jvm/java-6-openjdk-amd64/jre/../lib/amd64
SHELL=/bin/bash
DISPLAY=:0.0

Signal Handlers:
SIGSEGV: [libjvm.so+0x83cfe0], sa_mask[0]=0x7ffbfeff, sa_flags=0x10000004
SIGBUS: [libjvm.so+0x83cfe0], sa_mask[0]=0x7ffbfeff, sa_flags=0x10000004
SIGFPE: [libjvm.so+0x6dddf0], sa_mask[0]=0x7ffbfeff, sa_flags=0x10000004
SIGPIPE: [libjvm.so+0x6dddf0], sa_mask[0]=0x7ffbfeff, sa_flags=0x10000004
SIGXFSZ: [libjvm.so+0x6dddf0], sa_mask[0]=0x7ffbfeff, sa_flags=0x10000004
SIGILL: [libjvm.so+0x6dddf0], sa_mask[0]=0x7ffbfeff, sa_flags=0x10000004
SIGUSR1: SIG_DFL, sa_mask[0]=0x00000000, sa_flags=0x00000000
SIGUSR2: [libjvm.so+0x6de230], sa_mask[0]=0x00000004, sa_flags=0x10000004
SIGHUP: SIG_DFL, sa_mask[0]=0x00000000, sa_flags=0x00000000
SIGINT: SIG_DFL, sa_mask[0]=0x00000000, sa_flags=0x00000000
SIGTERM: SIG_DFL, sa_mask[0]=0x00000000, sa_flags=0x00000000
SIGQUIT: SIG_DFL, sa_mask[0]=0x00000000, sa_flags=0x00000000


---------------  S Y S T E M  ---------------

OS:Ubuntu 12.04 (precise)
uname:Linux 3.2.0-60-generic #91-Ubuntu SMP Wed Feb 19 03:54:44 UTC 2014 x86_64
libc:glibc 2.15 NPTL 2.15 
rlimit: STACK 8192k, CORE 0k, NPROC 63384, NOFILE 4096, AS infinity
load average:1.16 0.52 0.33

/proc/meminfo:
MemTotal:        8133496 kB
MemFree:          427548 kB
Buffers:          617444 kB
Cached:          4333776 kB
SwapCached:          444 kB
Active:          3193860 kB
Inactive:        3575916 kB
Active(anon):    1525600 kB
Inactive(anon):   306068 kB
Active(file):    1668260 kB
Inactive(file):  3269848 kB
Unevictable:           0 kB
Mlocked:               0 kB
SwapTotal:       8393956 kB
SwapFree:        8391620 kB
Dirty:               260 kB
Writeback:             0 kB
AnonPages:       1818544 kB
Mapped:           167368 kB
Shmem:             13104 kB
Slab:             727344 kB
SReclaimable:     683388 kB
SUnreclaim:        43956 kB
KernelStack:        4504 kB
PageTables:        25612 kB
NFS_Unstable:          0 kB
Bounce:                0 kB
WritebackTmp:          0 kB
CommitLimit:    12460704 kB
Committed_AS:    4428112 kB
VmallocTotal:   34359738367 kB
VmallocUsed:      150400 kB
VmallocChunk:   34359584560 kB
HardwareCorrupted:     0 kB
AnonHugePages:         0 kB
HugePages_Total:       0
HugePages_Free:        0
HugePages_Rsvd:        0
HugePages_Surp:        0
Hugepagesize:       2048 kB
DirectMap4k:     8007680 kB
DirectMap2M:      339968 kB


CPU:total 8 (4 cores per cpu, 2 threads per core) family 6 model 42 stepping 7, cmov, cx8, fxsr, mmx, sse, sse2, sse3, ssse3, sse4.1, sse4.2, popcnt, avx, ht, tsc, tscinvbit

/proc/cpuinfo:
processor	: 0
vendor_id	: GenuineIntel
cpu family	: 6
model		: 42
model name	: Intel(R) Core(TM) i7-2600 CPU @ 3.40GHz
stepping	: 7
microcode	: 0x23
cpu MHz		: 1600.000
cache size	: 8192 KB
physical id	: 0
siblings	: 8
core id		: 0
cpu cores	: 4
apicid		: 0
initial apicid	: 0
fpu		: yes
fpu_exception	: yes
cpuid level	: 13
wp		: yes
flags		: fpu vme de pse tsc msr pae mce cx8 apic sep mtrr pge mca cmov pat pse36 clflush dts acpi mmx fxsr sse sse2 ss ht tm pbe syscall nx rdtscp lm constant_tsc arch_perfmon pebs bts rep_good nopl xtopology nonstop_tsc aperfmperf pni pclmulqdq dtes64 monitor ds_cpl vmx smx est tm2 ssse3 cx16 xtpr pdcm pcid sse4_1 sse4_2 x2apic popcnt tsc_deadline_timer aes xsave avx lahf_lm ida arat epb xsaveopt pln pts dtherm tpr_shadow vnmi flexpriority ept vpid
bogomips	: 6784.54
clflush size	: 64
cache_alignment	: 64
address sizes	: 36 bits physical, 48 bits virtual
power management:

processor	: 1
vendor_id	: GenuineIntel
cpu family	: 6
model		: 42
model name	: Intel(R) Core(TM) i7-2600 CPU @ 3.40GHz
stepping	: 7
microcode	: 0x23
cpu MHz		: 1600.000
cache size	: 8192 KB
physical id	: 0
siblings	: 8
core id		: 1
cpu cores	: 4
apicid		: 2
initial apicid	: 2
fpu		: yes
fpu_exception	: yes
cpuid level	: 13
wp		: yes
flags		: fpu vme de pse tsc msr pae mce cx8 apic sep mtrr pge mca cmov pat pse36 clflush dts acpi mmx fxsr sse sse2 ss ht tm pbe syscall nx rdtscp lm constant_tsc arch_perfmon pebs bts rep_good nopl xtopology nonstop_tsc aperfmperf pni pclmulqdq dtes64 monitor ds_cpl vmx smx est tm2 ssse3 cx16 xtpr pdcm pcid sse4_1 sse4_2 x2apic popcnt tsc_deadline_timer aes xsave avx lahf_lm ida arat epb xsaveopt pln pts dtherm tpr_shadow vnmi flexpriority ept vpid
bogomips	: 6784.27
clflush size	: 64
cache_alignment	: 64
address sizes	: 36 bits physical, 48 bits virtual
power management:

processor	: 2
vendor_id	: GenuineIntel
cpu family	: 6
model		: 42
model name	: Intel(R) Core(TM) i7-2600 CPU @ 3.40GHz
stepping	: 7
microcode	: 0x23
cpu MHz		: 1600.000
cache size	: 8192 KB
physical id	: 0
siblings	: 8
core id		: 2
cpu cores	: 4
apicid		: 4
initial apicid	: 4
fpu		: yes
fpu_exception	: yes
cpuid level	: 13
wp		: yes
flags		: fpu vme de pse tsc msr pae mce cx8 apic sep mtrr pge mca cmov pat pse36 clflush dts acpi mmx fxsr sse sse2 ss ht tm pbe syscall nx rdtscp lm constant_tsc arch_perfmon pebs bts rep_good nopl xtopology nonstop_tsc aperfmperf pni pclmulqdq dtes64 monitor ds_cpl vmx smx est tm2 ssse3 cx16 xtpr pdcm pcid sse4_1 sse4_2 x2apic popcnt tsc_deadline_timer aes xsave avx lahf_lm ida arat epb xsaveopt pln pts dtherm tpr_shadow vnmi flexpriority ept vpid
bogomips	: 6784.26
clflush size	: 64
cache_alignment	: 64
address sizes	: 36 bits physical, 48 bits virtual
power management:

processor	: 3
vendor_id	: GenuineIntel
cpu family	: 6
model		: 42
model name	: Intel(R) Core(TM) i7-2600 CPU @ 3.40GHz
stepping	: 7
microcode	: 0x23
cpu MHz		: 1600.000
cache size	: 8192 KB
physical id	: 0
siblings	: 8
core id		: 3
cpu cores	: 4
apicid		: 6
initial apicid	: 6
fpu		: yes
fpu_exception	: yes
cpuid level	: 13
wp		: yes
flags		: fpu vme de pse tsc msr pae mce cx8 apic sep mtrr pge mca cmov pat pse36 clflush dts acpi mmx fxsr sse sse2 ss ht tm pbe syscall nx rdtscp lm constant_tsc arch_perfmon pebs bts rep_good nopl xtopology nonstop_tsc aperfmperf pni pclmulqdq dtes64 monitor ds_cpl vmx smx est tm2 ssse3 cx16 xtpr pdcm pcid sse4_1 sse4_2 x2apic popcnt tsc_deadline_timer aes xsave avx lahf_lm ida arat epb xsaveopt pln pts dtherm tpr_shadow vnmi flexpriority ept vpid
bogomips	: 6784.26
clflush size	: 64
cache_alignment	: 64
address sizes	: 36 bits physical, 48 bits virtual
power management:

processor	: 4
vendor_id	: GenuineIntel
cpu family	: 6
model		: 42
model name	: Intel(R) Core(TM) i7-2600 CPU @ 3.40GHz
stepping	: 7
microcode	: 0x23
cpu MHz		: 1600.000
cache size	: 8192 KB
physical id	: 0
siblings	: 8
core id		: 0
cpu cores	: 4
apicid		: 1
initial apicid	: 1
fpu		: yes
fpu_exception	: yes
cpuid level	: 13
wp		: yes
flags		: fpu vme de pse tsc msr pae mce cx8 apic sep mtrr pge mca cmov pat pse36 clflush dts acpi mmx fxsr sse sse2 ss ht tm pbe syscall nx rdtscp lm constant_tsc arch_perfmon pebs bts rep_good nopl xtopology nonstop_tsc aperfmperf pni pclmulqdq dtes64 monitor ds_cpl vmx smx est tm2 ssse3 cx16 xtpr pdcm pcid sse4_1 sse4_2 x2apic popcnt tsc_deadline_timer aes xsave avx lahf_lm ida arat epb xsaveopt pln pts dtherm tpr_shadow vnmi flexpriority ept vpid
bogomips	: 6784.26
clflush size	: 64
cache_alignment	: 64
address sizes	: 36 bits physical, 48 bits virtual
power management:

processor	: 5
vendor_id	: GenuineIntel
cpu family	: 6
model		: 42
model name	: Intel(R) Core(TM) i7-2600 CPU @ 3.40GHz
stepping	: 7
microcode	: 0x23
cpu MHz		: 1600.000
cache size	: 8192 KB
physical id	: 0
siblings	: 8
core id		: 1
cpu cores	: 4
apicid		: 3
initial apicid	: 3
fpu		: yes
fpu_exception	: yes
cpuid level	: 13
wp		: yes
flags		: fpu vme de pse tsc msr pae mce cx8 apic sep mtrr pge mca cmov pat pse36 clflush dts acpi mmx fxsr sse sse2 ss ht tm pbe syscall nx rdtscp lm constant_tsc arch_perfmon pebs bts rep_good nopl xtopology nonstop_tsc aperfmperf pni pclmulqdq dtes64 monitor ds_cpl vmx smx est tm2 ssse3 cx16 xtpr pdcm pcid sse4_1 sse4_2 x2apic popcnt tsc_deadline_timer aes xsave avx lahf_lm ida arat epb xsaveopt pln pts dtherm tpr_shadow vnmi flexpriority ept vpid
bogomips	: 6784.26
clflush size	: 64
cache_alignment	: 64
address sizes	: 36 bits physical, 48 bits virtual
power management:

processor	: 6
vendor_id	: GenuineIntel
cpu family	: 6
model		: 42
model name	: Intel(R) Core(TM) i7-2600 CPU @ 3.40GHz
stepping	: 7
microcode	: 0x23
cpu MHz		: 1600.000
cache size	: 8192 KB
physical id	: 0
siblings	: 8
core id		: 2
cpu cores	: 4
apicid		: 5
initial apicid	: 5
fpu		: yes
fpu_exception	: yes
cpuid level	: 13
wp		: yes
flags		: fpu vme de pse tsc msr pae mce cx8 apic sep mtrr pge mca cmov pat pse36 clflush dts acpi mmx fxsr sse sse2 ss ht tm pbe syscall nx rdtscp lm constant_tsc arch_perfmon pebs bts rep_good nopl xtopology nonstop_tsc aperfmperf pni pclmulqdq dtes64 monitor ds_cpl vmx smx est tm2 ssse3 cx16 xtpr pdcm pcid sse4_1 sse4_2 x2apic popcnt tsc_deadline_timer aes xsave avx lahf_lm ida arat epb xsaveopt pln pts dtherm tpr_shadow vnmi flexpriority ept vpid
bogomips	: 6784.27
clflush size	: 64
cache_alignment	: 64
address sizes	: 36 bits physical, 48 bits virtual
power management:

processor	: 7
vendor_id	: GenuineIntel
cpu family	: 6
model		: 42
model name	: Intel(R) Core(TM) i7-2600 CPU @ 3.40GHz
stepping	: 7
microcode	: 0x23
cpu MHz		: 1600.000
cache size	: 8192 KB
physical id	: 0
siblings	: 8
core id		: 3
cpu cores	: 4
apicid		: 7
initial apicid	: 7
fpu		: yes
fpu_exception	: yes
cpuid level	: 13
wp		: yes
flags		: fpu vme de pse tsc msr pae mce cx8 apic sep mtrr pge mca cmov pat pse36 clflush dts acpi mmx fxsr sse sse2 ss ht tm pbe syscall nx rdtscp lm constant_tsc arch_perfmon pebs bts rep_good nopl xtopology nonstop_tsc aperfmperf pni pclmulqdq dtes64 monitor ds_cpl vmx smx est tm2 ssse3 cx16 xtpr pdcm pcid sse4_1 sse4_2 x2apic popcnt tsc_deadline_timer aes xsave avx lahf_lm ida arat epb xsaveopt pln pts dtherm tpr_shadow vnmi flexpriority ept vpid
bogomips	: 6784.27
clflush size	: 64
cache_alignment	: 64
address sizes	: 36 bits physical, 48 bits virtual
power management:



Memory: 4k page, physical 8133496k(427548k free), swap 8393956k(8391620k free)

vm_info: OpenJDK 64-Bit Server VM (23.25-b01) for linux-amd64 JRE (1.6.0_30-b30), built on Feb 25 2014 23:11:33 by "buildd" with gcc 4.6.3

time: Mon Apr  7 00:12:16 2014
elapsed time: 0 seconds

